mount: ERROR (not running)
mount: started
webdav: ERROR (not running)
webdav: started
mount: ERROR (not running)
mount: ERROR (spawn error)
webdav: ERROR (not running)
webdav: started
mount: ERROR (not running)
mount: ERROR (spawn error)
webdav: stopped
webdav: started
mount: ERROR (not running)
mount: ERROR (spawn error)
webdav: ERROR (not running)
webdav: started
mount: ERROR (not running)
mount: started
webdav: ERROR (not running)
webdav: started
mount: ERROR (not running)
mount: started
webdav: ERROR (not running)
webdav: started
mount: ERROR (not running)
mount: started
webdav: ERROR (not running)
webdav: started
mount: ERROR (not running)
mount: started
webdav: ERROR (not running)
webdav: started
mount: ERROR (not running)
mount: started
webdav: ERROR (not running)
webdav: started
mount: ERROR (not running)
mount: ERROR (spawn error)
webdav: ERROR (not running)
webdav: started
mount: ERROR (not running)
mount: ERROR (spawn error)
webdav: ERROR (not running)
webdav: started
mount: ERROR (not running)
mount: started
webdav: ERROR (not running)
webdav: started
mount: ERROR (not running)
mount: started
webdav: ERROR (not running)
webdav: ERROR (abnormal termination)
mount: ERROR (not running)
mount: started
webdav: ERROR (not running)
webdav: started
mount: ERROR (not running)
mount: ERROR (spawn error)
webdav: ERROR (not running)
webdav: ERROR (abnormal termination)
mount: ERROR (not running)
mount: started
webdav: ERROR (not running)
webdav: ERROR (abnormal termination)
mount: ERROR (not running)
mount: ERROR (spawn error)
webdav: ERROR (not running)
webdav: started
mount: ERROR (not running)
mount: started
webdav: ERROR (not running)
webdav: started
mount: stopped
mount: ERROR (abnormal termination)
webdav: stopped
webdav: started
mount: stopped
mount: ERROR (abnormal termination)
webdav: stopped
webdav: started
mount: ERROR (not running)
mount: started
webdav: ERROR (not running)
webdav: started
mount: ERROR (not running)
mount: ERROR (abnormal termination)
webdav: stopped
webdav: started
mount: ERROR (not running)
mount: ERROR (spawn error)
webdav: ERROR (not running)
webdav: started
mount: ERROR (not running)
mount: started
webdav: ERROR (not running)
webdav: ERROR (abnormal termination)
mount: ERROR (not running)
mount: ERROR (spawn error)
webdav: ERROR (not running)
webdav: started
mount: ERROR (not running)
mount: started
webdav: ERROR (not running)
webdav: started
mount: ERROR (not running)
mount: started
webdav: ERROR (not running)
webdav: started
mount: ERROR (not running)
mount: ERROR (spawn error)
webdav: ERROR (not running)
webdav: started
mount: ERROR (not running)
mount: started
webdav: ERROR (not running)
webdav: started
mount: ERROR (not running)
mount: started
webdav: ERROR (not running)
webdav: started
mount: ERROR (not running)
mount: ERROR (spawn error)
webdav: ERROR (not running)
webdav: started
mount: ERROR (not running)
mount: started
webdav: ERROR (not running)
webdav: started
mount: ERROR (not running)
mount: started
webdav: ERROR (not running)
webdav: started
mount: ERROR (not running)
mount: started
webdav: ERROR (not running)
webdav: started
mount: ERROR (not running)
mount: ERROR (spawn error)
webdav: ERROR (not running)
webdav: started
mount: ERROR (not running)
mount: ERROR (spawn error)
webdav: ERROR (not running)
webdav: started
mount: ERROR (not running)
mount: started
webdav: ERROR (not running)
webdav: started
mount: ERROR (not running)
mount: started
webdav: ERROR (not running)
webdav: started
mount: ERROR (not running)
mount: ERROR (spawn error)
webdav: ERROR (not running)
webdav: started
mount: ERROR (not running)
mount: ERROR (spawn error)
webdav: ERROR (not running)
webdav: started
mount: ERROR (not running)
mount: started
webdav: ERROR (not running)
webdav: ERROR (abnormal termination)
mount: ERROR (not running)
mount: ERROR (spawn error)
webdav: ERROR (not running)
webdav: started
mount: ERROR (not running)
mount: started
webdav: ERROR (not running)
webdav: started
mount: ERROR (not running)
mount: started
webdav: ERROR (not running)
webdav: started
mount: ERROR (not running)
mount: started
webdav: ERROR (not running)
webdav: ERROR (abnormal termination)
mount: ERROR (not running)
mount: started
webdav: ERROR (not running)
webdav: ERROR (abnormal termination)
mount: ERROR (not running)
mount: ERROR (spawn error)
webdav: ERROR (not running)
webdav: started
mount: ERROR (not running)
mount: started
webdav: ERROR (not running)
webdav: started
mount: ERROR (not running)
mount: started
webdav: ERROR (not running)
webdav: started
mount: ERROR (not running)
mount: started
webdav: ERROR (not running)
webdav: started
mount: ERROR (not running)
mount: ERROR (spawn error)
webdav: ERROR (not running)
webdav: started
mount: ERROR (not running)
mount: started
webdav: ERROR (not running)
webdav: started
mount: ERROR (not running)
mount: started
webdav: ERROR (not running)
webdav: started
mount: ERROR (not running)
mount: started
webdav: ERROR (not running)
webdav: ERROR (abnormal termination)
mount: ERROR (not running)
mount: ERROR (abnormal termination)
webdav: ERROR (not running)
webdav: ERROR (abnormal termination)
mount: ERROR (not running)
mount: started
webdav: ERROR (not running)
webdav: started
mount: ERROR (not running)
mount: started
webdav: ERROR (not running)
webdav: started
mount: ERROR (not running)
mount: started
webdav: ERROR (not running)
webdav: ERROR (abnormal termination)
mount: ERROR (not running)
mount: ERROR (spawn error)
webdav: ERROR (not running)
webdav: started
mount: ERROR (not running)
mount: ERROR (spawn error)
webdav: ERROR (not running)
webdav: started
mount: ERROR (not running)
mount: ERROR (spawn error)
webdav: ERROR (not running)
webdav: started
mount: ERROR (not running)
mount: ERROR (spawn error)
webdav: ERROR (not running)
webdav: started
mount: ERROR (not running)
mount: ERROR (spawn error)
webdav: ERROR (not running)
webdav: started
mount: ERROR (not running)
mount: started
webdav: ERROR (not running)
webdav: started
mount: ERROR (not running)
mount: started
webdav: ERROR (not running)
webdav: ERROR (abnormal termination)
