mount: stopped
webdav: stopped
umount: /root/app/anacrolix/mnt: not mounted.
mount: stopped
webdav: ERROR (not running)
umount: /root/app/anacrolix/mnt: not mounted.
mount: ERROR (not running)
webdav: ERROR (not running)
umount: /root/app/anacrolix/mnt: not mounted.
mount: stopped
webdav: stopped
mount: ERROR (not running)
webdav: ERROR (not running)
umount: /root/app/anacrolix/mnt: not mounted.
mount: stopped
webdav: stopped
mount: ERROR (not running)
webdav: ERROR (not running)
umount: /root/app/anacrolix/mnt: not mounted.
mount: stopped
webdav: stopped
mount: stopped
webdav: stopped
mount: stopped
webdav: stopped
mount: stopped
webdav: stopped
mount: stopped
webdav: stopped
mount: stopped
webdav: stopped
mount: stopped
webdav: stopped
mount: stopped
webdav: stopped
mount: stopped
webdav: stopped
mount: stopped
webdav: stopped
mount: stopped
webdav: stopped
mount: ERROR (not running)
webdav: ERROR (not running)
umount: /root/app/anacrolix/mnt: target is busy.
mount: stopped
webdav: stopped
mount: stopped
webdav: stopped
mount: stopped
webdav: stopped
mount: stopped
webdav: stopped
mount: ERROR (not running)
webdav: ERROR (not running)
umount: /root/app/anacrolix/mnt: not mounted.
mount: stopped
webdav: stopped
umount: /root/app/anacrolix/mnt: target is busy.
rm: cannot remove '/root/app/anacrolix/downloads/[桜都字幕组]2021年04月合集/RAW': Directory not empty
mount: stopped
webdav: stopped
mount: stopped
webdav: stopped
mount: stopped
webdav: stopped
mount: stopped
webdav: stopped
mount: stopped
webdav: stopped
mount: stopped
webdav: stopped
mount: stopped
webdav: stopped
mount: stopped
webdav: stopped
mount: stopped
webdav: stopped
mount: stopped
webdav: stopped
mount: stopped
webdav: stopped
mount: stopped
webdav: stopped
mount: stopped
webdav: stopped
mount: stopped
webdav: stopped
mount: stopped
webdav: stopped
mount: stopped
webdav: stopped
mount: stopped
webdav: stopped
mount: ERROR (not running)
webdav: stopped
mount: stopped
webdav: stopped
mount: stopped
webdav: stopped
mount: stopped
webdav: stopped
mount: stopped
webdav: stopped
mount: stopped
webdav: stopped
mount: stopped
webdav: stopped
umount: /root/app/anacrolix/mnt: not mounted.
mount: stopped
webdav: stopped
mount: stopped
webdav: stopped
mount: stopped
webdav: stopped
mount: stopped
webdav: stopped
mount: ERROR (not running)
webdav: ERROR (not running)
